1693490167910	geckodriver	INFO	Listening on 127.0.0.1:59159
1693490168234	mozrunner::runner	INFO	Running command: MOZ_CRASHREPORTER="1" MOZ_CRASHREPORTER_NO_REPORT="1" MOZ_CRASHREPORTER_SHUTDOWN="1" MOZ_NO_REMOTE="1" "/App ... s" "localhost" "-foreground" "-no-remote" "-profile" "/var/folders/wb/krmw4xyj5cn0cc7wc6v9bpm40000gn/T/rust_mozprofileQg4xMP"
2023-08-31 22:56:08.806 plugin-container[15406:268757] nil host used in call to allowsSpecificHTTPSCertificateForHost
2023-08-31 22:56:08.806 plugin-container[15406:268757] nil host used in call to allowsAnyHTTPSCertificateForHost:
1693490168835	Marionette	INFO	Marionette enabled
2023-08-31 22:56:09.089 plugin-container[15406:268757] nil host used in call to allowsSpecificHTTPSCertificateForHost
2023-08-31 22:56:09.089 plugin-container[15406:268757] nil host used in call to allowsAnyHTTPSCertificateForHost:
2023-08-31 22:56:09.090 plugin-container[15406:268763] nil host used in call to allowsSpecificHTTPSCertificateForHost
2023-08-31 22:56:09.090 plugin-container[15406:268763] nil host used in call to allowsAnyHTTPSCertificateForHost:
2023-08-31 22:56:09.818 firefox[15405:268688] Warning: Expected min height of view: (<NSButton: 0x136f47000>) to be less than or equal to 30 but got a height of 32.000000. This error will be logged once per view in violation.
2023-08-31 22:56:09.819 firefox[15405:268688] Warning: Expected min height of view: (<NSButton: 0x1371aa800>) to be less than or equal to 30 but got a height of 32.000000. This error will be logged once per view in violation.
2023-08-31 22:56:09.819 firefox[15405:268688] Warning: Expected min height of view: (<NSButton: 0x1371b1000>) to be less than or equal to 30 but got a height of 32.000000. This error will be logged once per view in violation.
2023-08-31 22:56:09.820 firefox[15405:268688] Warning: Expected min height of view: (<NSButton: 0x1371b0400>) to be less than or equal to 30 but got a height of 32.000000. This error will be logged once per view in violation.
2023-08-31 22:56:09.821 firefox[15405:268688] Warning: Expected min height of view: (<NSButton: 0x1371b1400>) to be less than or equal to 30 but got a height of 32.000000. This error will be logged once per view in violation.
2023-08-31 22:56:09.821 firefox[15405:268688] Warning: Expected min height of view: (<NSPopoverTouchBarItemButton: 0x1371ac000>) to be less than or equal to 30 but got a height of 32.000000. This error will be logged once per view in violation.
2023-08-31 22:56:09.822 firefox[15405:268688] Warning: Expected min height of view: (<NSPopoverTouchBarItemButton: 0x12fa15800>) to be less than or equal to 30 but got a height of 32.000000. This error will be logged once per view in violation.
console.warn: SearchSettings: "get: No settings file exists, new profile?" (new NotFoundError("Could not open the file at /var/folders/wb/krmw4xyj5cn0cc7wc6v9bpm40000gn/T/rust_mozprofileQg4xMP/search.json.mozlz4", (void 0)))
console.error: BackgroundUpdate: 
  _reasonsToNotScheduleUpdates: Failed to check for Maintenance Service Registry Key: [Exception... "Component returned failure code: 0x80004001 (NS_ERROR_NOT_IMPLEMENTED) [nsIUpdateProcessor.getServiceRegKeyExists]"  nsresult: "0x80004001 (NS_ERROR_NOT_IMPLEMENTED)"  location: "JS frame :: resource://gre/modules/BackgroundUpdate.jsm :: _reasonsToNotScheduleUpdates :: line 241"  data: no]
DevTools listening on ws://localhost:59160/devtools/browser/e8026c91-bb38-4a12-8590-319cfd8acd2e
1693490171135	Marionette	INFO	Listening on port 59217
Read port: 59217
1693490171212	RemoteAgent	WARN	TLS certificate errors will be ignored for this session
JavaScript error: https://media.ethicalads.io/media/client/v1.4.0/ethicalads.min.js, line 1: Error: No ad placements found.
JavaScript error: resource:///actors/FormValidationChild.jsm, line 184: TypeError: this._element is null
console.warn: LoginRecipes: "getRecipes: falling back to a synchronous message for:" "https://www.python.org"
1693490172520	Marionette	INFO	Stopped listening on port 59217

###!!! [Parent][PImageBridgeParent] Error: RunMessage(msgname=PImageBridge::Msg_WillClose) Channel closing: too late to send/recv, messages will be lost

